d:\lsh\github\gdiplusgame1\gdiplusproject\gdiplusproject\x64\debug\vc143.pdb
d:\lsh\github\gdiplusgame1\gdiplusproject\gdiplusproject\x64\debug\vc143.idb
d:\lsh\github\gdiplusgame1\gdiplusproject\gdiplusproject\x64\debug\winmain.obj
d:\lsh\github\gdiplusgame1\gdiplusproject\gdiplusproject\x64\debug\testobject.obj
d:\lsh\github\gdiplusgame1\gdiplusproject\gdiplusproject\x64\debug\vector2.obj
d:\lsh\github\gdiplusgame1\gdiplusproject\gdiplusproject\x64\debug\transform.obj
d:\lsh\github\gdiplusgame1\gdiplusproject\gdiplusproject\x64\debug\menuscene.obj
d:\lsh\github\gdiplusgame1\gdiplusproject\gdiplusproject\x64\debug\spriterenderer.obj
d:\lsh\github\gdiplusgame1\gdiplusproject\gdiplusproject\x64\debug\gdiplusmanager.obj
d:\lsh\github\gdiplusgame1\gdiplusproject\gdiplusproject\x64\debug\gameobject.obj
d:\lsh\github\gdiplusgame1\gdiplusproject\gdiplusproject\x64\debug\player.obj
d:\lsh\github\gdiplusgame1\gdiplusproject\gdiplusproject\x64\debug\debugutility.obj
d:\lsh\github\gdiplusgame1\gdiplusproject\gdiplusproject\x64\debug\spritecollider.obj
d:\lsh\github\gdiplusgame1\gdiplusproject\x64\debug\gdiplusproject.exe
d:\lsh\github\gdiplusgame1\gdiplusproject\x64\debug\gdiplusproject.pdb
d:\lsh\github\gdiplusgame1\gdiplusproject\gdiplusproject\x64\debug\gdiplusproject.ilk
d:\lsh\github\gdiplusgame1\gdiplusproject\gdiplusproject\x64\debug\gdiplusproject.tlog\cl.command.1.tlog
d:\lsh\github\gdiplusgame1\gdiplusproject\gdiplusproject\x64\debug\gdiplusproject.tlog\cl.items.tlog
d:\lsh\github\gdiplusgame1\gdiplusproject\gdiplusproject\x64\debug\gdiplusproject.tlog\cl.read.1.tlog
d:\lsh\github\gdiplusgame1\gdiplusproject\gdiplusproject\x64\debug\gdiplusproject.tlog\cl.write.1.tlog
d:\lsh\github\gdiplusgame1\gdiplusproject\gdiplusproject\x64\debug\gdiplusproject.tlog\link.command.1.tlog
d:\lsh\github\gdiplusgame1\gdiplusproject\gdiplusproject\x64\debug\gdiplusproject.tlog\link.read.1.tlog
d:\lsh\github\gdiplusgame1\gdiplusproject\gdiplusproject\x64\debug\gdiplusproject.tlog\link.secondary.1.tlog
d:\lsh\github\gdiplusgame1\gdiplusproject\gdiplusproject\x64\debug\gdiplusproject.tlog\link.write.1.tlog
